2021-12-09 15:58:41 [-][-][-][error][yii\console\UnknownCommandException] yii\base\InvalidRouteException: Unable to resolve the request "server". in D:\phpstudy_pro\WWW\advanced\vendor\yiisoft\yii2\base\Module.php:537
Stack trace:
#0 D:\phpstudy_pro\WWW\advanced\vendor\yiisoft\yii2\console\Application.php(180): yii\base\Module->runAction('server', Array)
#1 D:\phpstudy_pro\WWW\advanced\vendor\yiisoft\yii2\console\Application.php(147): yii\console\Application->runAction('server', Array)
#2 D:\phpstudy_pro\WWW\advanced\vendor\yiisoft\yii2\base\Application.php(386): yii\console\Application->handleRequest(Object(yii\console\Request))
#3 D:\phpstudy_pro\WWW\advanced\yii(23): yii\base\Application->run()
#4 {main}

Next yii\console\UnknownCommandException: Unknown command "server". in D:\phpstudy_pro\WWW\advanced\vendor\yiisoft\yii2\console\Application.php:183
Stack trace:
#0 D:\phpstudy_pro\WWW\advanced\vendor\yiisoft\yii2\console\Application.php(147): yii\console\Application->runAction('server', Array)
#1 D:\phpstudy_pro\WWW\advanced\vendor\yiisoft\yii2\base\Application.php(386): yii\console\Application->handleRequest(Object(yii\console\Request))
#2 D:\phpstudy_pro\WWW\advanced\yii(23): yii\base\Application->run()
#3 {main}
2021-12-09 15:58:41 [-][-][-][info][application] $_GET = []

$_POST = []

$_FILES = []

$_COOKIE = []

$_SERVER = [
    'ALLUSERSPROFILE' => 'C:\\ProgramData'
    'APPDATA' => 'C:\\Users\\root\\AppData\\Roaming'
    'CommonProgramFiles' => 'C:\\Program Files\\Common Files'
    'CommonProgramFiles(x86)' => 'C:\\Program Files (x86)\\Common Files'
    'CommonProgramW6432' => 'C:\\Program Files\\Common Files'
    'COMPUTERNAME' => 'DESKTOP-J9D5JK1'
    'ComSpec' => 'C:\\WINDOWS\\system32\\cmd.exe'
    'DriverData' => 'C:\\Windows\\System32\\Drivers\\DriverData'
    'FPS_BROWSER_APP_PROFILE_STRING' => 'Internet Explorer'
    'FPS_BROWSER_USER_PROFILE_STRING' => 'Default'
    'GOPATH' => 'D:\\Goproject'
    'HOMEDRIVE' => 'C:'
    'HOMEPATH' => '\\Users\\root'
    'LOCALAPPDATA' => 'C:\\Users\\root\\AppData\\Local'
    'LOGONSERVER' => '\\\\DESKTOP-J9D5JK1'
    'NUMBER_OF_PROCESSORS' => '8'
    'OneDrive' => 'C:\\Users\\root\\OneDrive'
    'OS' => 'Windows_NT'
    'Path' => 'D:\\Program Files (x86)\\NetSarang\\Xshell 6\\;C:\\WINDOWS\\system32;C:\\WINDOWS;C:\\WINDOWS\\System32\\Wbem;C:\\WINDOWS\\System32\\WindowsPowerShell\\v1.0\\;C:\\WINDOWS\\System32\\OpenSSH\\;D:\\Program Files\\TortoiseSVN\\bin;D:\\phpstudy_pro\\Extensions\\php\\php7.3.4nts;D:\\Program Files (x86)\\NetSarang\\Xftp 7\\;D:\\Program Files\\Git\\cmd;D:\\Program Files\\Go\\bin;D:\\Program Files (x86)\\NetSarang\\Xshell7\\;C:\\Users\\root\\AppData\\Local\\Microsoft\\WindowsApps;;D:\\office\\Microsoft VS Code\\bin;C:\\Program Files\\JetBrains\\PhpStorm 2020.2.4\\bin;;C:\\Users\\root\\go\\bin'
    'PATHEXT' => '.COM;.EXE;.BAT;.CMD;.VBS;.VBE;.JS;.JSE;.WSF;.WSH;.MSC'
    'PhpStorm' => 'C:\\Program Files\\JetBrains\\PhpStorm 2020.2.4\\bin;'
    'PROCESSOR_ARCHITECTURE' => 'AMD64'
    'PROCESSOR_IDENTIFIER' => 'Intel64 Family 6 Model 142 Stepping 11, GenuineIntel'
    'PROCESSOR_LEVEL' => '6'
    'PROCESSOR_REVISION' => '8e0b'
    'ProgramData' => 'C:\\ProgramData'
    'ProgramFiles' => 'C:\\Program Files'
    'ProgramFiles(x86)' => 'C:\\Program Files (x86)'
    'ProgramW6432' => 'C:\\Program Files'
    'PROMPT' => '$P$G'
    'PSModulePath' => 'C:\\Program Files\\WindowsPowerShell\\Modules;C:\\WINDOWS\\system32\\WindowsPowerShell\\v1.0\\Modules'
    'PUBLIC' => 'C:\\Users\\Public'
    'SESSIONNAME' => 'Console'
    'SystemDrive' => 'C:'
    'SystemRoot' => 'C:\\WINDOWS'
    'TEMP' => 'C:\\Users\\root\\AppData\\Local\\Temp'
    'TMP' => 'C:\\Users\\root\\AppData\\Local\\Temp'
    'USERDOMAIN' => 'DESKTOP-J9D5JK1'
    'USERDOMAIN_ROAMINGPROFILE' => 'DESKTOP-J9D5JK1'
    'USERNAME' => 'root'
    'USERPROFILE' => 'C:\\Users\\root'
    'windir' => 'C:\\WINDOWS'
    'WXDRIVE_START_ARGS' => '--wxdrive-setting=0 --disable-gpu --disable-software-rasterizer --enable-features=NetworkServiceInProcess'
    'ZES_ENABLE_SYSMAN' => '1'
    'PHP_SELF' => 'yii'
    'SCRIPT_NAME' => 'yii'
    'SCRIPT_FILENAME' => 'yii'
    'PATH_TRANSLATED' => 'yii'
    'DOCUMENT_ROOT' => ''
    'REQUEST_TIME_FLOAT' => 1639036721.0503
    'REQUEST_TIME' => 1639036721
    'argv' => [
        0 => 'yii'
        1 => 'server'
    ]
    'argc' => 2
]
